<?xml version="1.0" encoding="UTF-8"?>
<!-- Generated by org.testng.reporters.JUnitReportReporter -->
<testsuite hostname="LAPTOP-JSTL18QG" name="sample1.Test1" tests="1" failures="0" timestamp="6 Mar 2022 05:53:33 GMT" time="7.769" errors="0">
  <testcase name="validateGoogle" time="7.769" classname="sample1.Test1"/>
</testsuite> <!-- sample1.Test1 -->
