<?xml version="1.0" encoding="UTF-8"?>
<!-- Generated by org.testng.reporters.JUnitReportReporter -->
<testsuite hostname="LAPTOP-JSTL18QG" name="sample2.Test2" tests="1" failures="0" timestamp="12 Mar 2022 06:31:42 GMT" time="4.608" errors="0">
  <testcase name="validateGoogle" time="4.608" classname="sample2.Test2"/>
</testsuite> <!-- sample2.Test2 -->
