<?xml version="1.0" encoding="UTF-8"?>
<!-- Generated by org.testng.reporters.JUnitReportReporter -->
<testsuite skipped="0" hostname="LAPTOP-JSTL18QG" name="sample2.Test2" tests="1" failures="0" timestamp="12 Mar 2022 07:11:45 GMT" time="4.966" errors="0">
  <testcase name="validateGoogle" time="4.966" classname="sample2.Test2"/>
</testsuite> <!-- sample2.Test2 -->
